<?xml version="1.0" encoding="UTF-8"?>
<!-- Generated by org.testng.reporters.JUnitReportReporter -->
<testsuite hostname="SIVAPC" failures="0" tests="1" name="testRunner.TestNGRunner" time="32.069" errors="0" timestamp="8 Sep 2021 20:02:29 GMT">
  <testcase classname="testRunner.TestNGRunner" name="scenario" time="32.069"/>
</testsuite> <!-- testRunner.TestNGRunner -->
