<?xml version="1.0" encoding="UTF-8"?>
<!-- Generated by org.testng.reporters.JUnitReportReporter -->
<testsuite hostname="SIVAPC" failures="0" tests="1" name="testRunner.TestNGRunner" time="35.139" errors="0" timestamp="8 Sep 2021 19:47:22 GMT">
  <testcase classname="testRunner.TestNGRunner" name="scenario" time="35.139"/>
</testsuite> <!-- testRunner.TestNGRunner -->
